<?xml version="1.0" encoding="UTF-8"?>
<!-- Generated by org.testng.reporters.JUnitReportReporter -->
<testsuite hostname="dell46" failures="0" tests="1" name="com.tozTCs.TozLogin" time="23.516" errors="0" timestamp="2021-07-20T19:29:04 IST" skipped="0">
  <testcase classname="com.tozTCs.TozLogin" name="Main" time="23.516"/>
  <system-out/>
</testsuite> <!-- com.tozTCs.TozLogin -->
