<?xml version="1.0" encoding="UTF-8"?>
<!-- Generated by org.testng.reporters.JUnitReportReporter -->
<testsuite hostname="dell46" failures="0" tests="1" name="com.learning.jsexecutor" time="22.548" errors="0" timestamp="2021-09-01T19:42:47 IST" skipped="0">
  <testcase classname="com.learning.jsexecutor" name="TestJSE" time="22.548"/>
  <system-out/>
</testsuite> <!-- com.learning.jsexecutor -->
