<?xml version="1.0" encoding="UTF-8"?>
<!-- Generated by org.testng.reporters.JUnitReportReporter -->
<testsuite hostname="dell46" failures="0" tests="1" name="SundarMaven.MavenProjEclipse.TC001_c1_req" time="3.093" errors="0" timestamp="2021-07-12T19:34:55 IST" skipped="0">
  <testcase classname="SundarMaven.MavenProjEclipse.TC001_c1_req" name="sample" time="3.093"/>
  <system-out/>
</testsuite> <!-- SundarMaven.MavenProjEclipse.TC001_c1_req -->
