<?xml version="1.0" encoding="UTF-8"?>
<!-- Generated by org.testng.reporters.JUnitReportReporter -->
<testsuite hostname="dell46" failures="0" tests="1" name="com.learning.TNGannotation" time="0.005" errors="0" timestamp="2021-09-15T19:55:51 IST" skipped="0">
  <testcase classname="com.learning.TNGannotation" name="main" time="0.005"/>
  <system-out/>
</testsuite> <!-- com.learning.TNGannotation -->
