<?xml version="1.0" encoding="UTF-8"?>
<!-- Generated by org.testng.reporters.JUnitReportReporter -->
<testsuite hostname="dell46" failures="0" tests="3" name="com.TozPages.RunnerClass" time="75.694" errors="0" timestamp="2021-08-19T19:52:37 IST" skipped="0">
  <testcase classname="com.TozPages.RunnerClass" name="login" time="10.234"/>
  <system-out/>
  <testcase classname="com.TozPages.RunnerClass" name="submitclaim" time="49.784"/>
  <system-out/>
  <testcase classname="com.TozPages.RunnerClass" name="CheckInList" time="15.676"/>
  <system-out/>
</testsuite> <!-- com.TozPages.RunnerClass -->
