<?xml version="1.0" encoding="UTF-8"?>
<!-- Generated by org.testng.reporters.JUnitReportReporter -->
<testsuite hostname="dell46" failures="0" tests="1" name="TozTCs.TozLogin" time="20.731" errors="0" timestamp="2021-06-14T16:38:06 IST" skipped="0">
  <testcase classname="TozTCs.TozLogin" name="Main" time="20.731"/>
  <system-out/>
</testsuite> <!-- TozTCs.TozLogin -->
