<?xml version="1.0" encoding="UTF-8"?>
<!-- Generated by org.testng.reporters.JUnitReportReporter -->
<testsuite hostname="dell46" failures="0" tests="1" name="SundarMaven.MavenProjEclipse.e2eTest" time="0.910" errors="0" timestamp="2021-06-28T19:07:22 IST" skipped="0">
  <testcase classname="SundarMaven.MavenProjEclipse.e2eTest" name="e2eTesting" time="0.910"/>
  <system-out/>
</testsuite> <!-- SundarMaven.MavenProjEclipse.e2eTest -->
