<?xml version="1.0" encoding="UTF-8"?>
<!-- Generated by org.testng.reporters.JUnitReportReporter -->
<testsuite hostname="dell46" failures="0" tests="1" name="SundarMaven.MavenProjEclipse.TC002_c2_req" time="4.565" errors="0" timestamp="2021-07-13T17:54:34 IST" skipped="0">
  <testcase classname="SundarMaven.MavenProjEclipse.TC002_c2_req" name="sample2" time="4.565"/>
  <system-out/>
</testsuite> <!-- SundarMaven.MavenProjEclipse.TC002_c2_req -->
