<?xml version="1.0" encoding="UTF-8"?>
<!-- Generated by org.testng.reporters.JUnitReportReporter -->
<testsuite hostname="dell46" failures="0" tests="1" name="SundarMaven.MavenProjEclipse.TC003_c3_req" time="3.321" errors="0" timestamp="2021-07-13T18:04:43 IST" skipped="0">
  <testcase classname="SundarMaven.MavenProjEclipse.TC003_c3_req" name="putFields" time="3.321"/>
  <system-out/>
</testsuite> <!-- SundarMaven.MavenProjEclipse.TC003_c3_req -->
